<?xml version="1.0" encoding="UTF-8"?>
<!-- Generated by org.testng.reporters.JUnitReportReporter -->
<testsuite hostname="mohankrishna" failures="0" tests="3" name="seleniumproject.submitordertest" time="41.120" errors="0" timestamp="2025-10-05T11:54:48 IST" skipped="0">
  <testcase classname="seleniumproject.submitordertest" name="submitorder" time="18.706"/>
  <testcase classname="seleniumproject.submitordertest" name="orderhistorytest" time="2.725"/>
  <testcase classname="seleniumproject.submitordertest" name="submitorder" time="19.689"/>
</testsuite> <!-- seleniumproject.submitordertest -->
